Analysis & Synthesis report for p3
Tue Jun 22 15:18:44 2021
Quartus Prime Version 20.1.0 Build 711 06/05/2020 SJ Lite Edition


---------------------
; Table of Contents ;
---------------------
  1. Legal Notice
  2. Analysis & Synthesis Summary
  3. Analysis & Synthesis Settings
  4. Parallel Compilation
  5. Analysis & Synthesis Source Files Read
  6. Analysis & Synthesis Resource Usage Summary
  7. Analysis & Synthesis Resource Utilization by Entity
  8. User-Specified and Inferred Latches
  9. General Register Statistics
 10. Multiplexer Restructuring Statistics (Restructuring Performed)
 11. Parameter Settings for User Entity Instance: regn:reg_IR
 12. Parameter Settings for User Entity Instance: regn:reg_0
 13. Parameter Settings for User Entity Instance: regn:reg_1
 14. Parameter Settings for User Entity Instance: regn:reg_2
 15. Parameter Settings for User Entity Instance: regn:reg_3
 16. Parameter Settings for User Entity Instance: regn:reg_4
 17. Parameter Settings for User Entity Instance: regn:reg_5
 18. Parameter Settings for User Entity Instance: regn:reg_6
 19. Parameter Settings for User Entity Instance: regn:reg_7
 20. Parameter Settings for User Entity Instance: regn:reg_A
 21. Parameter Settings for User Entity Instance: regn:reg_G
 22. Port Connectivity Checks: "dec3to8:decY"
 23. Port Connectivity Checks: "dec3to8:decX"
 24. Post-Synthesis Netlist Statistics for Top Partition
 25. Elapsed Time Per Partition
 26. Analysis & Synthesis Messages



----------------
; Legal Notice ;
----------------
Copyright (C) 2020  Intel Corporation. All rights reserved.
Your use of Intel Corporation's design tools, logic functions 
and other software and tools, and any partner logic 
functions, and any output files from any of the foregoing 
(including device programming or simulation files), and any 
associated documentation or information are expressly subject 
to the terms and conditions of the Intel Program License 
Subscription Agreement, the Intel Quartus Prime License Agreement,
the Intel FPGA IP License Agreement, or other applicable license
agreement, including, without limitation, that your use is for
the sole purpose of programming logic devices manufactured by
Intel and sold by Intel or its authorized distributors.  Please
refer to the applicable agreement for further details, at
https://fpgasoftware.intel.com/eula.



+----------------------------------------------------------------------------------+
; Analysis & Synthesis Summary                                                     ;
+------------------------------------+---------------------------------------------+
; Analysis & Synthesis Status        ; Successful - Tue Jun 22 15:18:44 2021       ;
; Quartus Prime Version              ; 20.1.0 Build 711 06/05/2020 SJ Lite Edition ;
; Revision Name                      ; p3                                          ;
; Top-level Entity Name              ; p3                                          ;
; Family                             ; Cyclone IV E                                ;
; Total logic elements               ; 338                                         ;
;     Total combinational functions  ; 201                                         ;
;     Dedicated logic registers      ; 171                                         ;
; Total registers                    ; 171                                         ;
; Total pins                         ; 111                                         ;
; Total virtual pins                 ; 0                                           ;
; Total memory bits                  ; 0                                           ;
; Embedded Multiplier 9-bit elements ; 0                                           ;
; Total PLLs                         ; 0                                           ;
+------------------------------------+---------------------------------------------+


+------------------------------------------------------------------------------------------------------------+
; Analysis & Synthesis Settings                                                                              ;
+------------------------------------------------------------------+--------------------+--------------------+
; Option                                                           ; Setting            ; Default Value      ;
+------------------------------------------------------------------+--------------------+--------------------+
; Top-level entity name                                            ; p3                 ; p3                 ;
; Family name                                                      ; Cyclone IV E       ; Cyclone V          ;
; Use smart compilation                                            ; Off                ; Off                ;
; Enable parallel Assembler and Timing Analyzer during compilation ; On                 ; On                 ;
; Enable compact report table                                      ; Off                ; Off                ;
; Restructure Multiplexers                                         ; Auto               ; Auto               ;
; Create Debugging Nodes for IP Cores                              ; Off                ; Off                ;
; Preserve fewer node names                                        ; On                 ; On                 ;
; Intel FPGA IP Evaluation Mode                                    ; Enable             ; Enable             ;
; Verilog Version                                                  ; Verilog_2001       ; Verilog_2001       ;
; VHDL Version                                                     ; VHDL_1993          ; VHDL_1993          ;
; State Machine Processing                                         ; Auto               ; Auto               ;
; Safe State Machine                                               ; Off                ; Off                ;
; Extract Verilog State Machines                                   ; On                 ; On                 ;
; Extract VHDL State Machines                                      ; On                 ; On                 ;
; Ignore Verilog initial constructs                                ; Off                ; Off                ;
; Iteration limit for constant Verilog loops                       ; 5000               ; 5000               ;
; Iteration limit for non-constant Verilog loops                   ; 250                ; 250                ;
; Add Pass-Through Logic to Inferred RAMs                          ; On                 ; On                 ;
; Infer RAMs from Raw Logic                                        ; On                 ; On                 ;
; Parallel Synthesis                                               ; On                 ; On                 ;
; DSP Block Balancing                                              ; Auto               ; Auto               ;
; NOT Gate Push-Back                                               ; On                 ; On                 ;
; Power-Up Don't Care                                              ; On                 ; On                 ;
; Remove Redundant Logic Cells                                     ; Off                ; Off                ;
; Remove Duplicate Registers                                       ; On                 ; On                 ;
; Ignore CARRY Buffers                                             ; Off                ; Off                ;
; Ignore CASCADE Buffers                                           ; Off                ; Off                ;
; Ignore GLOBAL Buffers                                            ; Off                ; Off                ;
; Ignore ROW GLOBAL Buffers                                        ; Off                ; Off                ;
; Ignore LCELL Buffers                                             ; Off                ; Off                ;
; Ignore SOFT Buffers                                              ; On                 ; On                 ;
; Limit AHDL Integers to 32 Bits                                   ; Off                ; Off                ;
; Optimization Technique                                           ; Balanced           ; Balanced           ;
; Carry Chain Length                                               ; 70                 ; 70                 ;
; Auto Carry Chains                                                ; On                 ; On                 ;
; Auto Open-Drain Pins                                             ; On                 ; On                 ;
; Perform WYSIWYG Primitive Resynthesis                            ; Off                ; Off                ;
; Auto ROM Replacement                                             ; On                 ; On                 ;
; Auto RAM Replacement                                             ; On                 ; On                 ;
; Auto DSP Block Replacement                                       ; On                 ; On                 ;
; Auto Shift Register Replacement                                  ; Auto               ; Auto               ;
; Allow Shift Register Merging across Hierarchies                  ; Auto               ; Auto               ;
; Auto Clock Enable Replacement                                    ; On                 ; On                 ;
; Strict RAM Replacement                                           ; Off                ; Off                ;
; Allow Synchronous Control Signals                                ; On                 ; On                 ;
; Force Use of Synchronous Clear Signals                           ; Off                ; Off                ;
; Auto RAM Block Balancing                                         ; On                 ; On                 ;
; Auto RAM to Logic Cell Conversion                                ; Off                ; Off                ;
; Auto Resource Sharing                                            ; Off                ; Off                ;
; Allow Any RAM Size For Recognition                               ; Off                ; Off                ;
; Allow Any ROM Size For Recognition                               ; Off                ; Off                ;
; Allow Any Shift Register Size For Recognition                    ; Off                ; Off                ;
; Use LogicLock Constraints during Resource Balancing              ; On                 ; On                 ;
; Ignore translate_off and synthesis_off directives                ; Off                ; Off                ;
; Timing-Driven Synthesis                                          ; On                 ; On                 ;
; Report Parameter Settings                                        ; On                 ; On                 ;
; Report Source Assignments                                        ; On                 ; On                 ;
; Report Connectivity Checks                                       ; On                 ; On                 ;
; Ignore Maximum Fan-Out Assignments                               ; Off                ; Off                ;
; Synchronization Register Chain Length                            ; 2                  ; 2                  ;
; Power Optimization During Synthesis                              ; Normal compilation ; Normal compilation ;
; HDL message level                                                ; Level2             ; Level2             ;
; Suppress Register Optimization Related Messages                  ; Off                ; Off                ;
; Number of Removed Registers Reported in Synthesis Report         ; 5000               ; 5000               ;
; Number of Swept Nodes Reported in Synthesis Report               ; 5000               ; 5000               ;
; Number of Inverted Registers Reported in Synthesis Report        ; 100                ; 100                ;
; Clock MUX Protection                                             ; On                 ; On                 ;
; Auto Gated Clock Conversion                                      ; Off                ; Off                ;
; Block Design Naming                                              ; Auto               ; Auto               ;
; SDC constraint protection                                        ; Off                ; Off                ;
; Synthesis Effort                                                 ; Auto               ; Auto               ;
; Shift Register Replacement - Allow Asynchronous Clear Signal     ; On                 ; On                 ;
; Pre-Mapping Resynthesis Optimization                             ; Off                ; Off                ;
; Analysis & Synthesis Message Level                               ; Medium             ; Medium             ;
; Disable Register Merging Across Hierarchies                      ; Auto               ; Auto               ;
; Resource Aware Inference For Block RAM                           ; On                 ; On                 ;
+------------------------------------------------------------------+--------------------+--------------------+


+------------------------------------------+
; Parallel Compilation                     ;
+----------------------------+-------------+
; Processors                 ; Number      ;
+----------------------------+-------------+
; Number detected on machine ; 16          ;
; Maximum allowed            ; 16          ;
;                            ;             ;
; Average used               ; 1.00        ;
; Maximum used               ; 16          ;
;                            ;             ;
; Usage by Processor         ; % Time Used ;
;     Processor 1            ; 100.0%      ;
;     Processors 2-16        ;   0.0%      ;
+----------------------------+-------------+


+-----------------------------------------------------------------------------------------------------------------------------------+
; Analysis & Synthesis Source Files Read                                                                                            ;
+----------------------------------+-----------------+------------------------------+-------------------------------------+---------+
; File Name with User-Entered Path ; Used in Netlist ; File Type                    ; File Name with Absolute Path        ; Library ;
+----------------------------------+-----------------+------------------------------+-------------------------------------+---------+
; ../upcount/upcount.sv            ; yes             ; User SystemVerilog HDL File  ; X:/proyectos/p_3/upcount/upcount.sv ;         ;
; ../regn #/regn.sv                ; yes             ; User SystemVerilog HDL File  ; X:/proyectos/p_3/regn #/regn.sv     ;         ;
; ../multip/multip.sv              ; yes             ; User SystemVerilog HDL File  ; X:/proyectos/p_3/multip/multip.sv   ;         ;
; ../dec3to8/dec3to8.sv            ; yes             ; User SystemVerilog HDL File  ; X:/proyectos/p_3/dec3to8/dec3to8.sv ;         ;
; ../AddSub/AddSub.sv              ; yes             ; User SystemVerilog HDL File  ; X:/proyectos/p_3/AddSub/AddSub.sv   ;         ;
; p3.sv                            ; yes             ; User SystemVerilog HDL File  ; X:/proyectos/p_3/p3/p3.sv           ;         ;
+----------------------------------+-----------------+------------------------------+-------------------------------------+---------+


+-----------------------------------------------------------+
; Analysis & Synthesis Resource Usage Summary               ;
+---------------------------------------------+-------------+
; Resource                                    ; Usage       ;
+---------------------------------------------+-------------+
; Estimated Total logic elements              ; 338         ;
;                                             ;             ;
; Total combinational functions               ; 201         ;
; Logic element usage by number of LUT inputs ;             ;
;     -- 4 input functions                    ; 154         ;
;     -- 3 input functions                    ; 43          ;
;     -- <=2 input functions                  ; 4           ;
;                                             ;             ;
; Logic elements by mode                      ;             ;
;     -- normal mode                          ; 185         ;
;     -- arithmetic mode                      ; 16          ;
;                                             ;             ;
; Total registers                             ; 171         ;
;     -- Dedicated logic registers            ; 171         ;
;     -- I/O registers                        ; 0           ;
;                                             ;             ;
; I/O pins                                    ; 111         ;
;                                             ;             ;
; Embedded Multiplier 9-bit elements          ; 0           ;
;                                             ;             ;
; Maximum fan-out node                        ; Clock~input ;
; Maximum fan-out                             ; 171         ;
; Total fan-out                               ; 1467        ;
; Average fan-out                             ; 2.47        ;
+---------------------------------------------+-------------+


+----------------------------------------------------------------------------------------------------------------------------------------------------------------------------------------------------------+
; Analysis & Synthesis Resource Utilization by Entity                                                                                                                                                      ;
+----------------------------+---------------------+---------------------------+-------------+--------------+---------+-----------+------+--------------+---------------------+-------------+--------------+
; Compilation Hierarchy Node ; Combinational ALUTs ; Dedicated Logic Registers ; Memory Bits ; DSP Elements ; DSP 9x9 ; DSP 18x18 ; Pins ; Virtual Pins ; Full Hierarchy Name ; Entity Name ; Library Name ;
+----------------------------+---------------------+---------------------------+-------------+--------------+---------+-----------+------+--------------+---------------------+-------------+--------------+
; |p3                        ; 201 (40)            ; 171 (0)                   ; 0           ; 0            ; 0       ; 0         ; 111  ; 0            ; |p3                 ; p3          ; work         ;
;    |AddSub:SR|             ; 16 (16)             ; 0 (0)                     ; 0           ; 0            ; 0       ; 0         ; 0    ; 0            ; |p3|AddSub:SR       ; AddSub      ; work         ;
;    |multip:comb_129|       ; 126 (126)           ; 0 (0)                     ; 0           ; 0            ; 0       ; 0         ; 0    ; 0            ; |p3|multip:comb_129 ; multip      ; work         ;
;    |regn:reg_0|            ; 0 (0)               ; 16 (16)                   ; 0           ; 0            ; 0       ; 0         ; 0    ; 0            ; |p3|regn:reg_0      ; regn        ; work         ;
;    |regn:reg_1|            ; 0 (0)               ; 16 (16)                   ; 0           ; 0            ; 0       ; 0         ; 0    ; 0            ; |p3|regn:reg_1      ; regn        ; work         ;
;    |regn:reg_2|            ; 0 (0)               ; 16 (16)                   ; 0           ; 0            ; 0       ; 0         ; 0    ; 0            ; |p3|regn:reg_2      ; regn        ; work         ;
;    |regn:reg_3|            ; 0 (0)               ; 16 (16)                   ; 0           ; 0            ; 0       ; 0         ; 0    ; 0            ; |p3|regn:reg_3      ; regn        ; work         ;
;    |regn:reg_4|            ; 0 (0)               ; 16 (16)                   ; 0           ; 0            ; 0       ; 0         ; 0    ; 0            ; |p3|regn:reg_4      ; regn        ; work         ;
;    |regn:reg_5|            ; 0 (0)               ; 16 (16)                   ; 0           ; 0            ; 0       ; 0         ; 0    ; 0            ; |p3|regn:reg_5      ; regn        ; work         ;
;    |regn:reg_6|            ; 0 (0)               ; 16 (16)                   ; 0           ; 0            ; 0       ; 0         ; 0    ; 0            ; |p3|regn:reg_6      ; regn        ; work         ;
;    |regn:reg_7|            ; 0 (0)               ; 16 (16)                   ; 0           ; 0            ; 0       ; 0         ; 0    ; 0            ; |p3|regn:reg_7      ; regn        ; work         ;
;    |regn:reg_A|            ; 0 (0)               ; 16 (16)                   ; 0           ; 0            ; 0       ; 0         ; 0    ; 0            ; |p3|regn:reg_A      ; regn        ; work         ;
;    |regn:reg_G|            ; 17 (17)             ; 16 (16)                   ; 0           ; 0            ; 0       ; 0         ; 0    ; 0            ; |p3|regn:reg_G      ; regn        ; work         ;
;    |regn:reg_IR|           ; 0 (0)               ; 9 (9)                     ; 0           ; 0            ; 0       ; 0         ; 0    ; 0            ; |p3|regn:reg_IR     ; regn        ; work         ;
;    |upcount:Tstep|         ; 2 (2)               ; 2 (2)                     ; 0           ; 0            ; 0       ; 0         ; 0    ; 0            ; |p3|upcount:Tstep   ; upcount     ; work         ;
+----------------------------+---------------------+---------------------------+-------------+--------------+---------+-----------+------+--------------+---------------------+-------------+--------------+
Note: For table entries with two numbers listed, the numbers in parentheses indicate the number of resources of the given type used by the specific entity alone. The numbers listed outside of parentheses indicate the total resources of the given type used by the specific entity and all of its sub-entities in the hierarchy.


+--------------------------------------------------------------------------------------------------------+
; User-Specified and Inferred Latches                                                                    ;
+-----------------------------------------------------+-------------------------+------------------------+
; Latch Name                                          ; Latch Enable Signal     ; Free of Timing Hazards ;
+-----------------------------------------------------+-------------------------+------------------------+
; multip:comb_129|Bus[0]                              ; multip:comb_129|Bus[15] ; yes                    ;
; multip:comb_129|Bus[1]                              ; multip:comb_129|Bus[15] ; yes                    ;
; multip:comb_129|Bus[2]                              ; multip:comb_129|Bus[15] ; yes                    ;
; multip:comb_129|Bus[3]                              ; multip:comb_129|Bus[15] ; yes                    ;
; multip:comb_129|Bus[4]                              ; multip:comb_129|Bus[15] ; yes                    ;
; multip:comb_129|Bus[5]                              ; multip:comb_129|Bus[15] ; yes                    ;
; multip:comb_129|Bus[6]                              ; multip:comb_129|Bus[15] ; yes                    ;
; multip:comb_129|Bus[7]                              ; multip:comb_129|Bus[15] ; yes                    ;
; multip:comb_129|Bus[8]                              ; multip:comb_129|Bus[15] ; yes                    ;
; multip:comb_129|Bus[9]                              ; multip:comb_129|Bus[15] ; yes                    ;
; multip:comb_129|Bus[10]                             ; multip:comb_129|Bus[15] ; yes                    ;
; multip:comb_129|Bus[11]                             ; multip:comb_129|Bus[15] ; yes                    ;
; multip:comb_129|Bus[12]                             ; multip:comb_129|Bus[15] ; yes                    ;
; multip:comb_129|Bus[13]                             ; multip:comb_129|Bus[15] ; yes                    ;
; multip:comb_129|Bus[14]                             ; multip:comb_129|Bus[15] ; yes                    ;
; multip:comb_129|Bus[15]                             ; multip:comb_129|Bus[15] ; yes                    ;
; Number of user-specified and inferred latches = 16  ;                         ;                        ;
+-----------------------------------------------------+-------------------------+------------------------+
Note: All latches listed above may not be present at the end of synthesis due to various synthesis optimizations.


+------------------------------------------------------+
; General Register Statistics                          ;
+----------------------------------------------+-------+
; Statistic                                    ; Value ;
+----------------------------------------------+-------+
; Total registers                              ; 171   ;
; Number of registers using Synchronous Clear  ; 0     ;
; Number of registers using Synchronous Load   ; 0     ;
; Number of registers using Asynchronous Clear ; 0     ;
; Number of registers using Asynchronous Load  ; 0     ;
; Number of registers using Clock Enable       ; 169   ;
; Number of registers using Preset             ; 0     ;
+----------------------------------------------+-------+


+------------------------------------------------------------------------------------------------------------------------------------------+
; Multiplexer Restructuring Statistics (Restructuring Performed)                                                                           ;
+--------------------+-----------+---------------+----------------------+------------------------+------------+----------------------------+
; Multiplexer Inputs ; Bus Width ; Baseline Area ; Area if Restructured ; Saving if Restructured ; Registered ; Example Multiplexer Output ;
+--------------------+-----------+---------------+----------------------+------------------------+------------+----------------------------+
; 9:1                ; 8 bits    ; 48 LEs        ; 16 LEs               ; 32 LEs                 ; No         ; |p3|R6out[5]               ;
; 6:1                ; 8 bits    ; 32 LEs        ; 8 LEs                ; 24 LEs                 ; No         ; |p3|Mux13                  ;
; 10:1               ; 16 bits   ; 96 LEs        ; 96 LEs               ; 0 LEs                  ; No         ; |p3|multip:comb_129|Bus[0] ;
+--------------------+-----------+---------------+----------------------+------------------------+------------+----------------------------+


+----------------------------------------------------------+
; Parameter Settings for User Entity Instance: regn:reg_IR ;
+----------------+-------+---------------------------------+
; Parameter Name ; Value ; Type                            ;
+----------------+-------+---------------------------------+
; n              ; 9     ; Signed Integer                  ;
+----------------+-------+---------------------------------+
Note: In order to hide this table in the UI and the text report file, please set the "Show Parameter Settings in Synthesis Report" option in "Analysis and Synthesis Settings -> More Settings" to "Off".


+---------------------------------------------------------+
; Parameter Settings for User Entity Instance: regn:reg_0 ;
+----------------+-------+--------------------------------+
; Parameter Name ; Value ; Type                           ;
+----------------+-------+--------------------------------+
; n              ; 16    ; Signed Integer                 ;
+----------------+-------+--------------------------------+
Note: In order to hide this table in the UI and the text report file, please set the "Show Parameter Settings in Synthesis Report" option in "Analysis and Synthesis Settings -> More Settings" to "Off".


+---------------------------------------------------------+
; Parameter Settings for User Entity Instance: regn:reg_1 ;
+----------------+-------+--------------------------------+
; Parameter Name ; Value ; Type                           ;
+----------------+-------+--------------------------------+
; n              ; 16    ; Signed Integer                 ;
+----------------+-------+--------------------------------+
Note: In order to hide this table in the UI and the text report file, please set the "Show Parameter Settings in Synthesis Report" option in "Analysis and Synthesis Settings -> More Settings" to "Off".


+---------------------------------------------------------+
; Parameter Settings for User Entity Instance: regn:reg_2 ;
+----------------+-------+--------------------------------+
; Parameter Name ; Value ; Type                           ;
+----------------+-------+--------------------------------+
; n              ; 16    ; Signed Integer                 ;
+----------------+-------+--------------------------------+
Note: In order to hide this table in the UI and the text report file, please set the "Show Parameter Settings in Synthesis Report" option in "Analysis and Synthesis Settings -> More Settings" to "Off".


+---------------------------------------------------------+
; Parameter Settings for User Entity Instance: regn:reg_3 ;
+----------------+-------+--------------------------------+
; Parameter Name ; Value ; Type                           ;
+----------------+-------+--------------------------------+
; n              ; 16    ; Signed Integer                 ;
+----------------+-------+--------------------------------+
Note: In order to hide this table in the UI and the text report file, please set the "Show Parameter Settings in Synthesis Report" option in "Analysis and Synthesis Settings -> More Settings" to "Off".


+---------------------------------------------------------+
; Parameter Settings for User Entity Instance: regn:reg_4 ;
+----------------+-------+--------------------------------+
; Parameter Name ; Value ; Type                           ;
+----------------+-------+--------------------------------+
; n              ; 16    ; Signed Integer                 ;
+----------------+-------+--------------------------------+
Note: In order to hide this table in the UI and the text report file, please set the "Show Parameter Settings in Synthesis Report" option in "Analysis and Synthesis Settings -> More Settings" to "Off".


+---------------------------------------------------------+
; Parameter Settings for User Entity Instance: regn:reg_5 ;
+----------------+-------+--------------------------------+
; Parameter Name ; Value ; Type                           ;
+----------------+-------+--------------------------------+
; n              ; 16    ; Signed Integer                 ;
+----------------+-------+--------------------------------+
Note: In order to hide this table in the UI and the text report file, please set the "Show Parameter Settings in Synthesis Report" option in "Analysis and Synthesis Settings -> More Settings" to "Off".


+---------------------------------------------------------+
; Parameter Settings for User Entity Instance: regn:reg_6 ;
+----------------+-------+--------------------------------+
; Parameter Name ; Value ; Type                           ;
+----------------+-------+--------------------------------+
; n              ; 16    ; Signed Integer                 ;
+----------------+-------+--------------------------------+
Note: In order to hide this table in the UI and the text report file, please set the "Show Parameter Settings in Synthesis Report" option in "Analysis and Synthesis Settings -> More Settings" to "Off".


+---------------------------------------------------------+
; Parameter Settings for User Entity Instance: regn:reg_7 ;
+----------------+-------+--------------------------------+
; Parameter Name ; Value ; Type                           ;
+----------------+-------+--------------------------------+
; n              ; 16    ; Signed Integer                 ;
+----------------+-------+--------------------------------+
Note: In order to hide this table in the UI and the text report file, please set the "Show Parameter Settings in Synthesis Report" option in "Analysis and Synthesis Settings -> More Settings" to "Off".


+---------------------------------------------------------+
; Parameter Settings for User Entity Instance: regn:reg_A ;
+----------------+-------+--------------------------------+
; Parameter Name ; Value ; Type                           ;
+----------------+-------+--------------------------------+
; n              ; 16    ; Signed Integer                 ;
+----------------+-------+--------------------------------+
Note: In order to hide this table in the UI and the text report file, please set the "Show Parameter Settings in Synthesis Report" option in "Analysis and Synthesis Settings -> More Settings" to "Off".


+---------------------------------------------------------+
; Parameter Settings for User Entity Instance: regn:reg_G ;
+----------------+-------+--------------------------------+
; Parameter Name ; Value ; Type                           ;
+----------------+-------+--------------------------------+
; n              ; 16    ; Signed Integer                 ;
+----------------+-------+--------------------------------+
Note: In order to hide this table in the UI and the text report file, please set the "Show Parameter Settings in Synthesis Report" option in "Analysis and Synthesis Settings -> More Settings" to "Off".


+------------------------------------------+
; Port Connectivity Checks: "dec3to8:decY" ;
+------+-------+----------+----------------+
; Port ; Type  ; Severity ; Details        ;
+------+-------+----------+----------------+
; En   ; Input ; Info     ; Stuck at VCC   ;
+------+-------+----------+----------------+


+------------------------------------------+
; Port Connectivity Checks: "dec3to8:decX" ;
+------+-------+----------+----------------+
; Port ; Type  ; Severity ; Details        ;
+------+-------+----------+----------------+
; En   ; Input ; Info     ; Stuck at VCC   ;
+------+-------+----------+----------------+


+-----------------------------------------------------+
; Post-Synthesis Netlist Statistics for Top Partition ;
+-----------------------+-----------------------------+
; Type                  ; Count                       ;
+-----------------------+-----------------------------+
; boundary_port         ; 111                         ;
; cycloneiii_ff         ; 171                         ;
;     ENA               ; 169                         ;
;     plain             ; 2                           ;
; cycloneiii_lcell_comb ; 201                         ;
;     arith             ; 16                          ;
;         3 data inputs ; 16                          ;
;     normal            ; 185                         ;
;         2 data inputs ; 4                           ;
;         3 data inputs ; 27                          ;
;         4 data inputs ; 154                         ;
;                       ;                             ;
; Max LUT depth         ; 10.00                       ;
; Average LUT depth     ; 5.56                        ;
+-----------------------+-----------------------------+


+-------------------------------+
; Elapsed Time Per Partition    ;
+----------------+--------------+
; Partition Name ; Elapsed Time ;
+----------------+--------------+
; Top            ; 00:00:00     ;
+----------------+--------------+


+-------------------------------+
; Analysis & Synthesis Messages ;
+-------------------------------+
Info: *******************************************************************
Info: Running Quartus Prime Analysis & Synthesis
    Info: Version 20.1.0 Build 711 06/05/2020 SJ Lite Edition
    Info: Processing started: Tue Jun 22 15:18:35 2021
Info: Command: quartus_map --read_settings_files=on --write_settings_files=off p3 -c p3
Warning (18236): Number of processors has not been specified which may cause overloading on shared machines.  Set the global assignment NUM_PARALLEL_PROCESSORS in your QSF to an appropriate value for best performance.
Info (20030): Parallel compilation is enabled and will use 16 of the 16 processors detected
Info (12021): Found 1 design units, including 1 entities, in source file /proyectos/p_3/upcount/upcount.sv
    Info (12023): Found entity 1: upcount File: X:/proyectos/p_3/upcount/upcount.sv Line: 1
Info (12021): Found 1 design units, including 1 entities, in source file /proyectos/p_3/regn #/regn.sv
    Info (12023): Found entity 1: regn File: X:/proyectos/p_3/regn #/regn.sv Line: 1
Info (12021): Found 1 design units, including 1 entities, in source file /proyectos/p_3/multip/multip.sv
    Info (12023): Found entity 1: multip File: X:/proyectos/p_3/multip/multip.sv Line: 1
Info (12021): Found 1 design units, including 1 entities, in source file /proyectos/p_3/dec3to8/dec3to8.sv
    Info (12023): Found entity 1: dec3to8 File: X:/proyectos/p_3/dec3to8/dec3to8.sv Line: 1
Info (12021): Found 1 design units, including 1 entities, in source file /proyectos/p_3/addsub/addsub.sv
    Info (12023): Found entity 1: AddSub File: X:/proyectos/p_3/AddSub/AddSub.sv Line: 1
Info (12021): Found 1 design units, including 1 entities, in source file p3.sv
    Info (12023): Found entity 1: p3 File: X:/proyectos/p_3/p3/p3.sv Line: 1
Critical Warning (10846): Verilog HDL Instantiation warning at p3.sv(99): instance has no name File: X:/proyectos/p_3/p3/p3.sv Line: 99
Info (12127): Elaborating entity "p3" for the top level hierarchy
Warning (10235): Verilog HDL Always Construct warning at p3.sv(40): variable "Run" is read inside the Always Construct but isn't in the Always Construct's Event Control File: X:/proyectos/p_3/p3/p3.sv Line: 40
Warning (10270): Verilog HDL Case Statement warning at p3.sv(45): incomplete case statement has no default case item File: X:/proyectos/p_3/p3/p3.sv Line: 45
Warning (10270): Verilog HDL Case Statement warning at p3.sv(67): incomplete case statement has no default case item File: X:/proyectos/p_3/p3/p3.sv Line: 67
Warning (10270): Verilog HDL Case Statement warning at p3.sv(37): incomplete case statement has no default case item File: X:/proyectos/p_3/p3/p3.sv Line: 37
Info (12128): Elaborating entity "upcount" for hierarchy "upcount:Tstep" File: X:/proyectos/p_3/p3/p3.sv Line: 19
Info (12128): Elaborating entity "dec3to8" for hierarchy "dec3to8:decX" File: X:/proyectos/p_3/p3/p3.sv Line: 21
Info (12128): Elaborating entity "regn" for hierarchy "regn:reg_IR" File: X:/proyectos/p_3/p3/p3.sv Line: 82
Info (12128): Elaborating entity "regn" for hierarchy "regn:reg_0" File: X:/proyectos/p_3/p3/p3.sv Line: 84
Info (12128): Elaborating entity "AddSub" for hierarchy "AddSub:SR" File: X:/proyectos/p_3/p3/p3.sv Line: 95
Info (12128): Elaborating entity "multip" for hierarchy "multip:comb_129" File: X:/proyectos/p_3/p3/p3.sv Line: 99
Warning (10235): Verilog HDL Always Construct warning at multip.sv(11): variable "R7" is read inside the Always Construct but isn't in the Always Construct's Event Control File: X:/proyectos/p_3/multip/multip.sv Line: 11
Warning (10235): Verilog HDL Always Construct warning at multip.sv(12): variable "R6" is read inside the Always Construct but isn't in the Always Construct's Event Control File: X:/proyectos/p_3/multip/multip.sv Line: 12
Warning (10235): Verilog HDL Always Construct warning at multip.sv(13): variable "R5" is read inside the Always Construct but isn't in the Always Construct's Event Control File: X:/proyectos/p_3/multip/multip.sv Line: 13
Warning (10235): Verilog HDL Always Construct warning at multip.sv(14): variable "R4" is read inside the Always Construct but isn't in the Always Construct's Event Control File: X:/proyectos/p_3/multip/multip.sv Line: 14
Warning (10235): Verilog HDL Always Construct warning at multip.sv(15): variable "R3" is read inside the Always Construct but isn't in the Always Construct's Event Control File: X:/proyectos/p_3/multip/multip.sv Line: 15
Warning (10235): Verilog HDL Always Construct warning at multip.sv(16): variable "R2" is read inside the Always Construct but isn't in the Always Construct's Event Control File: X:/proyectos/p_3/multip/multip.sv Line: 16
Warning (10235): Verilog HDL Always Construct warning at multip.sv(17): variable "R1" is read inside the Always Construct but isn't in the Always Construct's Event Control File: X:/proyectos/p_3/multip/multip.sv Line: 17
Warning (10235): Verilog HDL Always Construct warning at multip.sv(18): variable "R0" is read inside the Always Construct but isn't in the Always Construct's Event Control File: X:/proyectos/p_3/multip/multip.sv Line: 18
Warning (10270): Verilog HDL Case Statement warning at multip.sv(10): incomplete case statement has no default case item File: X:/proyectos/p_3/multip/multip.sv Line: 10
Info (10264): Verilog HDL Case Statement information at multip.sv(10): all case item expressions in this case statement are onehot File: X:/proyectos/p_3/multip/multip.sv Line: 10
Warning (10235): Verilog HDL Always Construct warning at multip.sv(20): variable "Gout" is read inside the Always Construct but isn't in the Always Construct's Event Control File: X:/proyectos/p_3/multip/multip.sv Line: 20
Warning (10235): Verilog HDL Always Construct warning at multip.sv(21): variable "G" is read inside the Always Construct but isn't in the Always Construct's Event Control File: X:/proyectos/p_3/multip/multip.sv Line: 21
Warning (10235): Verilog HDL Always Construct warning at multip.sv(23): variable "DINout" is read inside the Always Construct but isn't in the Always Construct's Event Control File: X:/proyectos/p_3/multip/multip.sv Line: 23
Warning (10235): Verilog HDL Always Construct warning at multip.sv(24): variable "DIN" is read inside the Always Construct but isn't in the Always Construct's Event Control File: X:/proyectos/p_3/multip/multip.sv Line: 24
Warning (10240): Verilog HDL Always Construct warning at multip.sv(9): inferring latch(es) for variable "Bus", which holds its previous value in one or more paths through the always construct File: X:/proyectos/p_3/multip/multip.sv Line: 9
Info (10041): Inferred latch for "Bus[0]" at multip.sv(23) File: X:/proyectos/p_3/multip/multip.sv Line: 23
Info (10041): Inferred latch for "Bus[1]" at multip.sv(23) File: X:/proyectos/p_3/multip/multip.sv Line: 23
Info (10041): Inferred latch for "Bus[2]" at multip.sv(23) File: X:/proyectos/p_3/multip/multip.sv Line: 23
Info (10041): Inferred latch for "Bus[3]" at multip.sv(23) File: X:/proyectos/p_3/multip/multip.sv Line: 23
Info (10041): Inferred latch for "Bus[4]" at multip.sv(23) File: X:/proyectos/p_3/multip/multip.sv Line: 23
Info (10041): Inferred latch for "Bus[5]" at multip.sv(23) File: X:/proyectos/p_3/multip/multip.sv Line: 23
Info (10041): Inferred latch for "Bus[6]" at multip.sv(23) File: X:/proyectos/p_3/multip/multip.sv Line: 23
Info (10041): Inferred latch for "Bus[7]" at multip.sv(23) File: X:/proyectos/p_3/multip/multip.sv Line: 23
Info (10041): Inferred latch for "Bus[8]" at multip.sv(23) File: X:/proyectos/p_3/multip/multip.sv Line: 23
Info (10041): Inferred latch for "Bus[9]" at multip.sv(23) File: X:/proyectos/p_3/multip/multip.sv Line: 23
Info (10041): Inferred latch for "Bus[10]" at multip.sv(23) File: X:/proyectos/p_3/multip/multip.sv Line: 23
Info (10041): Inferred latch for "Bus[11]" at multip.sv(23) File: X:/proyectos/p_3/multip/multip.sv Line: 23
Info (10041): Inferred latch for "Bus[12]" at multip.sv(23) File: X:/proyectos/p_3/multip/multip.sv Line: 23
Info (10041): Inferred latch for "Bus[13]" at multip.sv(23) File: X:/proyectos/p_3/multip/multip.sv Line: 23
Info (10041): Inferred latch for "Bus[14]" at multip.sv(23) File: X:/proyectos/p_3/multip/multip.sv Line: 23
Info (10041): Inferred latch for "Bus[15]" at multip.sv(23) File: X:/proyectos/p_3/multip/multip.sv Line: 23
Warning (13012): Latch multip:comb_129|Bus[0] has unsafe behavior File: X:/proyectos/p_3/multip/multip.sv Line: 23
    Warning (13013): Ports D and ENA on the latch are fed by the same signal upcount:Tstep|Q[1] File: X:/proyectos/p_3/upcount/upcount.sv Line: 4
Warning (13012): Latch multip:comb_129|Bus[1] has unsafe behavior File: X:/proyectos/p_3/multip/multip.sv Line: 23
    Warning (13013): Ports D and ENA on the latch are fed by the same signal upcount:Tstep|Q[0] File: X:/proyectos/p_3/upcount/upcount.sv Line: 4
Warning (13012): Latch multip:comb_129|Bus[2] has unsafe behavior File: X:/proyectos/p_3/multip/multip.sv Line: 23
    Warning (13013): Ports D and ENA on the latch are fed by the same signal upcount:Tstep|Q[1] File: X:/proyectos/p_3/upcount/upcount.sv Line: 4
Warning (13012): Latch multip:comb_129|Bus[3] has unsafe behavior File: X:/proyectos/p_3/multip/multip.sv Line: 23
    Warning (13013): Ports D and ENA on the latch are fed by the same signal upcount:Tstep|Q[0] File: X:/proyectos/p_3/upcount/upcount.sv Line: 4
Warning (13012): Latch multip:comb_129|Bus[4] has unsafe behavior File: X:/proyectos/p_3/multip/multip.sv Line: 23
    Warning (13013): Ports D and ENA on the latch are fed by the same signal upcount:Tstep|Q[1] File: X:/proyectos/p_3/upcount/upcount.sv Line: 4
Warning (13012): Latch multip:comb_129|Bus[5] has unsafe behavior File: X:/proyectos/p_3/multip/multip.sv Line: 23
    Warning (13013): Ports D and ENA on the latch are fed by the same signal upcount:Tstep|Q[0] File: X:/proyectos/p_3/upcount/upcount.sv Line: 4
Warning (13012): Latch multip:comb_129|Bus[6] has unsafe behavior File: X:/proyectos/p_3/multip/multip.sv Line: 23
    Warning (13013): Ports D and ENA on the latch are fed by the same signal upcount:Tstep|Q[1] File: X:/proyectos/p_3/upcount/upcount.sv Line: 4
Warning (13012): Latch multip:comb_129|Bus[7] has unsafe behavior File: X:/proyectos/p_3/multip/multip.sv Line: 23
    Warning (13013): Ports D and ENA on the latch are fed by the same signal upcount:Tstep|Q[0] File: X:/proyectos/p_3/upcount/upcount.sv Line: 4
Warning (13012): Latch multip:comb_129|Bus[8] has unsafe behavior File: X:/proyectos/p_3/multip/multip.sv Line: 23
    Warning (13013): Ports D and ENA on the latch are fed by the same signal upcount:Tstep|Q[1] File: X:/proyectos/p_3/upcount/upcount.sv Line: 4
Warning (13012): Latch multip:comb_129|Bus[9] has unsafe behavior File: X:/proyectos/p_3/multip/multip.sv Line: 23
    Warning (13013): Ports D and ENA on the latch are fed by the same signal upcount:Tstep|Q[0] File: X:/proyectos/p_3/upcount/upcount.sv Line: 4
Warning (13012): Latch multip:comb_129|Bus[10] has unsafe behavior File: X:/proyectos/p_3/multip/multip.sv Line: 23
    Warning (13013): Ports D and ENA on the latch are fed by the same signal upcount:Tstep|Q[1] File: X:/proyectos/p_3/upcount/upcount.sv Line: 4
Warning (13012): Latch multip:comb_129|Bus[11] has unsafe behavior File: X:/proyectos/p_3/multip/multip.sv Line: 23
    Warning (13013): Ports D and ENA on the latch are fed by the same signal upcount:Tstep|Q[0] File: X:/proyectos/p_3/upcount/upcount.sv Line: 4
Warning (13012): Latch multip:comb_129|Bus[12] has unsafe behavior File: X:/proyectos/p_3/multip/multip.sv Line: 23
    Warning (13013): Ports D and ENA on the latch are fed by the same signal upcount:Tstep|Q[1] File: X:/proyectos/p_3/upcount/upcount.sv Line: 4
Warning (13012): Latch multip:comb_129|Bus[13] has unsafe behavior File: X:/proyectos/p_3/multip/multip.sv Line: 23
    Warning (13013): Ports D and ENA on the latch are fed by the same signal upcount:Tstep|Q[0] File: X:/proyectos/p_3/upcount/upcount.sv Line: 4
Warning (13012): Latch multip:comb_129|Bus[14] has unsafe behavior File: X:/proyectos/p_3/multip/multip.sv Line: 23
    Warning (13013): Ports D and ENA on the latch are fed by the same signal upcount:Tstep|Q[1] File: X:/proyectos/p_3/upcount/upcount.sv Line: 4
Warning (13012): Latch multip:comb_129|Bus[15] has unsafe behavior File: X:/proyectos/p_3/multip/multip.sv Line: 23
    Warning (13013): Ports D and ENA on the latch are fed by the same signal upcount:Tstep|Q[0] File: X:/proyectos/p_3/upcount/upcount.sv Line: 4
Info (286030): Timing-Driven Synthesis is running
Info (16010): Generating hard_block partition "hard_block:auto_generated_inst"
    Info (16011): Adding 0 node(s), including 0 DDIO, 0 PLL, 0 transceiver and 0 LCELL
Info (21057): Implemented 465 device resources after synthesis - the final resource count might be different
    Info (21058): Implemented 19 input pins
    Info (21059): Implemented 92 output pins
    Info (21061): Implemented 354 logic cells
Info: Quartus Prime Analysis & Synthesis was successful. 0 errors, 52 warnings
    Info: Peak virtual memory: 4832 megabytes
    Info: Processing ended: Tue Jun 22 15:18:44 2021
    Info: Elapsed time: 00:00:09
    Info: Total CPU time (on all processors): 00:00:21


