Analysis & Synthesis report for proc
Mon Jun 21 15:33:27 2021
Quartus Prime Version 20.1.0 Build 711 06/05/2020 SJ Lite Edition


---------------------
; Table of Contents ;
---------------------
  1. Legal Notice
  2. Analysis & Synthesis Summary
  3. Analysis & Synthesis Settings
  4. Parallel Compilation
  5. Analysis & Synthesis Source Files Read
  6. Analysis & Synthesis Resource Usage Summary
  7. Analysis & Synthesis Resource Utilization by Entity
  8. Registers Removed During Synthesis
  9. Removed Registers Triggering Further Register Optimizations
 10. General Register Statistics
 11. Parameter Settings for User Entity Instance: regn:reg_0
 12. Parameter Settings for User Entity Instance: regn:reg_1
 13. Parameter Settings for User Entity Instance: regn:reg_2
 14. Parameter Settings for User Entity Instance: regn:reg_3
 15. Parameter Settings for User Entity Instance: regn:reg_4
 16. Parameter Settings for User Entity Instance: regn:reg_5
 17. Parameter Settings for User Entity Instance: regn:reg_6
 18. Parameter Settings for User Entity Instance: regn:reg_7
 19. Parameter Settings for User Entity Instance: regn:reg_IR
 20. Parameter Settings for User Entity Instance: regn:reg_A
 21. Parameter Settings for User Entity Instance: regn:reg_G
 22. Port Connectivity Checks: "addsub:sum"
 23. Port Connectivity Checks: "regn:reg_7"
 24. Port Connectivity Checks: "regn:reg_6"
 25. Port Connectivity Checks: "regn:reg_5"
 26. Port Connectivity Checks: "regn:reg_4"
 27. Port Connectivity Checks: "regn:reg_3"
 28. Port Connectivity Checks: "regn:reg_2"
 29. Port Connectivity Checks: "regn:reg_1"
 30. Port Connectivity Checks: "regn:reg_0"
 31. Port Connectivity Checks: "dec3to8:decy"
 32. Port Connectivity Checks: "dec3to8:decx"
 33. Post-Synthesis Netlist Statistics for Top Partition
 34. Elapsed Time Per Partition
 35. Analysis & Synthesis Messages



----------------
; Legal Notice ;
----------------
Copyright (C) 2020  Intel Corporation. All rights reserved.
Your use of Intel Corporation's design tools, logic functions 
and other software and tools, and any partner logic 
functions, and any output files from any of the foregoing 
(including device programming or simulation files), and any 
associated documentation or information are expressly subject 
to the terms and conditions of the Intel Program License 
Subscription Agreement, the Intel Quartus Prime License Agreement,
the Intel FPGA IP License Agreement, or other applicable license
agreement, including, without limitation, that your use is for
the sole purpose of programming logic devices manufactured by
Intel and sold by Intel or its authorized distributors.  Please
refer to the applicable agreement for further details, at
https://fpgasoftware.intel.com/eula.



+----------------------------------------------------------------------------------+
; Analysis & Synthesis Summary                                                     ;
+------------------------------------+---------------------------------------------+
; Analysis & Synthesis Status        ; Successful - Mon Jun 21 15:33:27 2021       ;
; Quartus Prime Version              ; 20.1.0 Build 711 06/05/2020 SJ Lite Edition ;
; Revision Name                      ; proc                                        ;
; Top-level Entity Name              ; proc                                        ;
; Family                             ; Cyclone IV E                                ;
; Total logic elements               ; 0                                           ;
;     Total combinational functions  ; 0                                           ;
;     Dedicated logic registers      ; 0                                           ;
; Total registers                    ; 0                                           ;
; Total pins                         ; 36                                          ;
; Total virtual pins                 ; 0                                           ;
; Total memory bits                  ; 0                                           ;
; Embedded Multiplier 9-bit elements ; 0                                           ;
; Total PLLs                         ; 0                                           ;
+------------------------------------+---------------------------------------------+


+------------------------------------------------------------------------------------------------------------+
; Analysis & Synthesis Settings                                                                              ;
+------------------------------------------------------------------+--------------------+--------------------+
; Option                                                           ; Setting            ; Default Value      ;
+------------------------------------------------------------------+--------------------+--------------------+
; Top-level entity name                                            ; proc               ; proc               ;
; Family name                                                      ; Cyclone IV E       ; Cyclone V          ;
; Use smart compilation                                            ; Off                ; Off                ;
; Enable parallel Assembler and Timing Analyzer during compilation ; On                 ; On                 ;
; Enable compact report table                                      ; Off                ; Off                ;
; Restructure Multiplexers                                         ; Auto               ; Auto               ;
; Create Debugging Nodes for IP Cores                              ; Off                ; Off                ;
; Preserve fewer node names                                        ; On                 ; On                 ;
; Intel FPGA IP Evaluation Mode                                    ; Enable             ; Enable             ;
; Verilog Version                                                  ; Verilog_2001       ; Verilog_2001       ;
; VHDL Version                                                     ; VHDL_1993          ; VHDL_1993          ;
; State Machine Processing                                         ; Auto               ; Auto               ;
; Safe State Machine                                               ; Off                ; Off                ;
; Extract Verilog State Machines                                   ; On                 ; On                 ;
; Extract VHDL State Machines                                      ; On                 ; On                 ;
; Ignore Verilog initial constructs                                ; Off                ; Off                ;
; Iteration limit for constant Verilog loops                       ; 5000               ; 5000               ;
; Iteration limit for non-constant Verilog loops                   ; 250                ; 250                ;
; Add Pass-Through Logic to Inferred RAMs                          ; On                 ; On                 ;
; Infer RAMs from Raw Logic                                        ; On                 ; On                 ;
; Parallel Synthesis                                               ; On                 ; On                 ;
; DSP Block Balancing                                              ; Auto               ; Auto               ;
; NOT Gate Push-Back                                               ; On                 ; On                 ;
; Power-Up Don't Care                                              ; On                 ; On                 ;
; Remove Redundant Logic Cells                                     ; Off                ; Off                ;
; Remove Duplicate Registers                                       ; On                 ; On                 ;
; Ignore CARRY Buffers                                             ; Off                ; Off                ;
; Ignore CASCADE Buffers                                           ; Off                ; Off                ;
; Ignore GLOBAL Buffers                                            ; Off                ; Off                ;
; Ignore ROW GLOBAL Buffers                                        ; Off                ; Off                ;
; Ignore LCELL Buffers                                             ; Off                ; Off                ;
; Ignore SOFT Buffers                                              ; On                 ; On                 ;
; Limit AHDL Integers to 32 Bits                                   ; Off                ; Off                ;
; Optimization Technique                                           ; Balanced           ; Balanced           ;
; Carry Chain Length                                               ; 70                 ; 70                 ;
; Auto Carry Chains                                                ; On                 ; On                 ;
; Auto Open-Drain Pins                                             ; On                 ; On                 ;
; Perform WYSIWYG Primitive Resynthesis                            ; Off                ; Off                ;
; Auto ROM Replacement                                             ; On                 ; On                 ;
; Auto RAM Replacement                                             ; On                 ; On                 ;
; Auto DSP Block Replacement                                       ; On                 ; On                 ;
; Auto Shift Register Replacement                                  ; Auto               ; Auto               ;
; Allow Shift Register Merging across Hierarchies                  ; Auto               ; Auto               ;
; Auto Clock Enable Replacement                                    ; On                 ; On                 ;
; Strict RAM Replacement                                           ; Off                ; Off                ;
; Allow Synchronous Control Signals                                ; On                 ; On                 ;
; Force Use of Synchronous Clear Signals                           ; Off                ; Off                ;
; Auto RAM Block Balancing                                         ; On                 ; On                 ;
; Auto RAM to Logic Cell Conversion                                ; Off                ; Off                ;
; Auto Resource Sharing                                            ; Off                ; Off                ;
; Allow Any RAM Size For Recognition                               ; Off                ; Off                ;
; Allow Any ROM Size For Recognition                               ; Off                ; Off                ;
; Allow Any Shift Register Size For Recognition                    ; Off                ; Off                ;
; Use LogicLock Constraints during Resource Balancing              ; On                 ; On                 ;
; Ignore translate_off and synthesis_off directives                ; Off                ; Off                ;
; Timing-Driven Synthesis                                          ; On                 ; On                 ;
; Report Parameter Settings                                        ; On                 ; On                 ;
; Report Source Assignments                                        ; On                 ; On                 ;
; Report Connectivity Checks                                       ; On                 ; On                 ;
; Ignore Maximum Fan-Out Assignments                               ; Off                ; Off                ;
; Synchronization Register Chain Length                            ; 2                  ; 2                  ;
; Power Optimization During Synthesis                              ; Normal compilation ; Normal compilation ;
; HDL message level                                                ; Level2             ; Level2             ;
; Suppress Register Optimization Related Messages                  ; Off                ; Off                ;
; Number of Removed Registers Reported in Synthesis Report         ; 5000               ; 5000               ;
; Number of Swept Nodes Reported in Synthesis Report               ; 5000               ; 5000               ;
; Number of Inverted Registers Reported in Synthesis Report        ; 100                ; 100                ;
; Clock MUX Protection                                             ; On                 ; On                 ;
; Auto Gated Clock Conversion                                      ; Off                ; Off                ;
; Block Design Naming                                              ; Auto               ; Auto               ;
; SDC constraint protection                                        ; Off                ; Off                ;
; Synthesis Effort                                                 ; Auto               ; Auto               ;
; Shift Register Replacement - Allow Asynchronous Clear Signal     ; On                 ; On                 ;
; Pre-Mapping Resynthesis Optimization                             ; Off                ; Off                ;
; Analysis & Synthesis Message Level                               ; Medium             ; Medium             ;
; Disable Register Merging Across Hierarchies                      ; Auto               ; Auto               ;
; Resource Aware Inference For Block RAM                           ; On                 ; On                 ;
+------------------------------------------------------------------+--------------------+--------------------+


+------------------------------------------+
; Parallel Compilation                     ;
+----------------------------+-------------+
; Processors                 ; Number      ;
+----------------------------+-------------+
; Number detected on machine ; 16          ;
; Maximum allowed            ; 16          ;
;                            ;             ;
; Average used               ; 1.00        ;
; Maximum used               ; 1           ;
;                            ;             ;
; Usage by Processor         ; % Time Used ;
;     Processor 1            ; 100.0%      ;
+----------------------------+-------------+


+-------------------------------------------------------------------------------------------------------------------------------+
; Analysis & Synthesis Source Files Read                                                                                        ;
+----------------------------------+-----------------+------------------------------+---------------------------------+---------+
; File Name with User-Entered Path ; Used in Netlist ; File Type                    ; File Name with Absolute Path    ; Library ;
+----------------------------------+-----------------+------------------------------+---------------------------------+---------+
; ../regn/regn.sv                  ; yes             ; User SystemVerilog HDL File  ; X:/proyectos/regn/regn.sv       ;         ;
; ../upcount/upcount.sv            ; yes             ; User SystemVerilog HDL File  ; X:/proyectos/upcount/upcount.sv ;         ;
; ../dec3to8/dec3to8.sv            ; yes             ; User SystemVerilog HDL File  ; X:/proyectos/dec3to8/dec3to8.sv ;         ;
; ../addsub/addsub.sv              ; yes             ; User SystemVerilog HDL File  ; X:/proyectos/addsub/addsub.sv   ;         ;
; proc.sv                          ; yes             ; User SystemVerilog HDL File  ; X:/proyectos/proc/proc.sv       ;         ;
+----------------------------------+-----------------+------------------------------+---------------------------------+---------+


+------------------------------------------------------+
; Analysis & Synthesis Resource Usage Summary          ;
+---------------------------------------------+--------+
; Resource                                    ; Usage  ;
+---------------------------------------------+--------+
;                                             ;        ;
; Total combinational functions               ; 0      ;
; Logic element usage by number of LUT inputs ;        ;
;     -- 4 input functions                    ; 0      ;
;     -- 3 input functions                    ; 0      ;
;     -- <=2 input functions                  ; 0      ;
;                                             ;        ;
; Logic elements by mode                      ;        ;
;     -- normal mode                          ; 0      ;
;     -- arithmetic mode                      ; 0      ;
;                                             ;        ;
; Total registers                             ; 0      ;
;     -- Dedicated logic registers            ; 0      ;
;     -- I/O registers                        ; 0      ;
;                                             ;        ;
; I/O pins                                    ; 36     ;
;                                             ;        ;
; Embedded Multiplier 9-bit elements          ; 0      ;
;                                             ;        ;
; Maximum fan-out node                        ; Resetn ;
; Maximum fan-out                             ; 1      ;
; Total fan-out                               ; 52     ;
; Average fan-out                             ; 0.72   ;
+---------------------------------------------+--------+


+----------------------------------------------------------------------------------------------------------------------------------------------------------------------------------------------------------+
; Analysis & Synthesis Resource Utilization by Entity                                                                                                                                                      ;
+----------------------------+---------------------+---------------------------+-------------+--------------+---------+-----------+------+--------------+---------------------+-------------+--------------+
; Compilation Hierarchy Node ; Combinational ALUTs ; Dedicated Logic Registers ; Memory Bits ; DSP Elements ; DSP 9x9 ; DSP 18x18 ; Pins ; Virtual Pins ; Full Hierarchy Name ; Entity Name ; Library Name ;
+----------------------------+---------------------+---------------------------+-------------+--------------+---------+-----------+------+--------------+---------------------+-------------+--------------+
; |proc                      ; 0 (0)               ; 0 (0)                     ; 0           ; 0            ; 0       ; 0         ; 36   ; 0            ; |proc               ; proc        ; work         ;
+----------------------------+---------------------+---------------------------+-------------+--------------+---------+-----------+------+--------------+---------------------+-------------+--------------+
Note: For table entries with two numbers listed, the numbers in parentheses indicate the number of resources of the given type used by the specific entity alone. The numbers listed outside of parentheses indicate the total resources of the given type used by the specific entity and all of its sub-entities in the hierarchy.


+--------------------------------------------------------------------------------+
; Registers Removed During Synthesis                                             ;
+-----------------------------------------+--------------------------------------+
; Register name                           ; Reason for Removal                   ;
+-----------------------------------------+--------------------------------------+
; regn:reg_G|Q[0..15]                     ; Stuck at GND due to stuck port clock ;
; regn:reg_A|Q[0..15]                     ; Lost fanout                          ;
; regn:reg_IR|Q[0..8]                     ; Stuck at GND due to stuck port clock ;
; regn:reg_7|Q[0..15]                     ; Stuck at GND due to stuck port clock ;
; regn:reg_6|Q[0..15]                     ; Stuck at GND due to stuck port clock ;
; regn:reg_5|Q[0]                         ; Stuck at GND due to stuck port clock ;
; regn:reg_4|Q[0..15]                     ; Stuck at GND due to stuck port clock ;
; regn:reg_3|Q[0..15]                     ; Stuck at GND due to stuck port clock ;
; regn:reg_2|Q[0..15]                     ; Stuck at GND due to stuck port clock ;
; regn:reg_1|Q[0..15]                     ; Stuck at GND due to stuck port clock ;
; regn:reg_0|Q[0..15]                     ; Stuck at GND due to stuck port clock ;
; upcount:Tstep|Q[0,1]                    ; Stuck at GND due to stuck port clock ;
; Total Number of Removed Registers = 156 ;                                      ;
+-----------------------------------------+--------------------------------------+


+----------------------------------------------------------------------------------------------------------------------------------------+
; Removed Registers Triggering Further Register Optimizations                                                                            ;
+------------------+-------------------------+-------------------------------------------------------------------------------------------+
; Register name    ; Reason for Removal      ; Registers Removed due to This Register                                                    ;
+------------------+-------------------------+-------------------------------------------------------------------------------------------+
; regn:reg_IR|Q[3] ; Stuck at GND            ; regn:reg_7|Q[0], regn:reg_7|Q[1], regn:reg_7|Q[2], regn:reg_7|Q[3], regn:reg_7|Q[4],      ;
;                  ; due to stuck port clock ; regn:reg_7|Q[5], regn:reg_7|Q[6], regn:reg_7|Q[7], regn:reg_7|Q[8], regn:reg_7|Q[9],      ;
;                  ;                         ; regn:reg_7|Q[10], regn:reg_7|Q[11], regn:reg_7|Q[12], regn:reg_7|Q[13], regn:reg_7|Q[14], ;
;                  ;                         ; regn:reg_7|Q[15], regn:reg_6|Q[0], regn:reg_6|Q[1], regn:reg_6|Q[2], regn:reg_6|Q[3],     ;
;                  ;                         ; regn:reg_6|Q[4], regn:reg_6|Q[5], regn:reg_6|Q[6], regn:reg_6|Q[7], regn:reg_6|Q[8],      ;
;                  ;                         ; regn:reg_6|Q[9], regn:reg_6|Q[10], regn:reg_6|Q[11], regn:reg_6|Q[12], regn:reg_6|Q[13],  ;
;                  ;                         ; regn:reg_6|Q[14], regn:reg_6|Q[15], regn:reg_5|Q[0], regn:reg_4|Q[0], regn:reg_4|Q[1],    ;
;                  ;                         ; regn:reg_4|Q[2], regn:reg_4|Q[3], regn:reg_4|Q[4], regn:reg_4|Q[5], regn:reg_4|Q[6],      ;
;                  ;                         ; regn:reg_4|Q[7], regn:reg_4|Q[8], regn:reg_4|Q[9], regn:reg_4|Q[10], regn:reg_4|Q[11],    ;
;                  ;                         ; regn:reg_4|Q[12], regn:reg_4|Q[13], regn:reg_4|Q[14], regn:reg_4|Q[15], regn:reg_3|Q[0],  ;
;                  ;                         ; regn:reg_3|Q[1], regn:reg_3|Q[2], regn:reg_3|Q[3], regn:reg_3|Q[4], regn:reg_3|Q[5],      ;
;                  ;                         ; regn:reg_3|Q[6], regn:reg_3|Q[7], regn:reg_3|Q[8], regn:reg_3|Q[9], regn:reg_3|Q[10],     ;
;                  ;                         ; regn:reg_3|Q[11], regn:reg_3|Q[12], regn:reg_3|Q[13], regn:reg_3|Q[14], regn:reg_3|Q[15], ;
;                  ;                         ; regn:reg_2|Q[0], regn:reg_2|Q[1], regn:reg_2|Q[2], regn:reg_2|Q[3], regn:reg_2|Q[4],      ;
;                  ;                         ; regn:reg_2|Q[5], regn:reg_2|Q[6], regn:reg_2|Q[7], regn:reg_2|Q[8], regn:reg_2|Q[9],      ;
;                  ;                         ; regn:reg_2|Q[10], regn:reg_2|Q[11], regn:reg_2|Q[12], regn:reg_2|Q[13], regn:reg_2|Q[14], ;
;                  ;                         ; regn:reg_2|Q[15]                                                                          ;
; regn:reg_IR|Q[6] ; Stuck at GND            ; regn:reg_1|Q[0], regn:reg_1|Q[1], regn:reg_1|Q[2], regn:reg_1|Q[3], regn:reg_1|Q[4],      ;
;                  ; due to stuck port clock ; regn:reg_1|Q[5], regn:reg_1|Q[6], regn:reg_1|Q[7], regn:reg_1|Q[8], regn:reg_1|Q[9],      ;
;                  ;                         ; regn:reg_1|Q[10], regn:reg_1|Q[11], regn:reg_1|Q[12], regn:reg_1|Q[13], regn:reg_1|Q[14], ;
;                  ;                         ; regn:reg_1|Q[15], regn:reg_0|Q[0], regn:reg_0|Q[1], regn:reg_0|Q[2], regn:reg_0|Q[3],     ;
;                  ;                         ; regn:reg_0|Q[4], regn:reg_0|Q[5], regn:reg_0|Q[6], regn:reg_0|Q[7], regn:reg_0|Q[8],      ;
;                  ;                         ; regn:reg_0|Q[9], regn:reg_0|Q[10], regn:reg_0|Q[11], regn:reg_0|Q[12], regn:reg_0|Q[13],  ;
;                  ;                         ; regn:reg_0|Q[14], regn:reg_0|Q[15], upcount:Tstep|Q[0], upcount:Tstep|Q[1]                ;
; regn:reg_G|Q[0]  ; Stuck at GND            ; regn:reg_A|Q[15], regn:reg_A|Q[14], regn:reg_A|Q[13], regn:reg_A|Q[12], regn:reg_A|Q[11], ;
;                  ; due to stuck port clock ; regn:reg_A|Q[10], regn:reg_A|Q[9]                                                         ;
+------------------+-------------------------+-------------------------------------------------------------------------------------------+


+------------------------------------------------------+
; General Register Statistics                          ;
+----------------------------------------------+-------+
; Statistic                                    ; Value ;
+----------------------------------------------+-------+
; Total registers                              ; 0     ;
; Number of registers using Synchronous Clear  ; 0     ;
; Number of registers using Synchronous Load   ; 0     ;
; Number of registers using Asynchronous Clear ; 0     ;
; Number of registers using Asynchronous Load  ; 0     ;
; Number of registers using Clock Enable       ; 0     ;
; Number of registers using Preset             ; 0     ;
+----------------------------------------------+-------+


+---------------------------------------------------------+
; Parameter Settings for User Entity Instance: regn:reg_0 ;
+----------------+-------+--------------------------------+
; Parameter Name ; Value ; Type                           ;
+----------------+-------+--------------------------------+
; n              ; 16    ; Signed Integer                 ;
+----------------+-------+--------------------------------+
Note: In order to hide this table in the UI and the text report file, please set the "Show Parameter Settings in Synthesis Report" option in "Analysis and Synthesis Settings -> More Settings" to "Off".


+---------------------------------------------------------+
; Parameter Settings for User Entity Instance: regn:reg_1 ;
+----------------+-------+--------------------------------+
; Parameter Name ; Value ; Type                           ;
+----------------+-------+--------------------------------+
; n              ; 16    ; Signed Integer                 ;
+----------------+-------+--------------------------------+
Note: In order to hide this table in the UI and the text report file, please set the "Show Parameter Settings in Synthesis Report" option in "Analysis and Synthesis Settings -> More Settings" to "Off".


+---------------------------------------------------------+
; Parameter Settings for User Entity Instance: regn:reg_2 ;
+----------------+-------+--------------------------------+
; Parameter Name ; Value ; Type                           ;
+----------------+-------+--------------------------------+
; n              ; 16    ; Signed Integer                 ;
+----------------+-------+--------------------------------+
Note: In order to hide this table in the UI and the text report file, please set the "Show Parameter Settings in Synthesis Report" option in "Analysis and Synthesis Settings -> More Settings" to "Off".


+---------------------------------------------------------+
; Parameter Settings for User Entity Instance: regn:reg_3 ;
+----------------+-------+--------------------------------+
; Parameter Name ; Value ; Type                           ;
+----------------+-------+--------------------------------+
; n              ; 16    ; Signed Integer                 ;
+----------------+-------+--------------------------------+
Note: In order to hide this table in the UI and the text report file, please set the "Show Parameter Settings in Synthesis Report" option in "Analysis and Synthesis Settings -> More Settings" to "Off".


+---------------------------------------------------------+
; Parameter Settings for User Entity Instance: regn:reg_4 ;
+----------------+-------+--------------------------------+
; Parameter Name ; Value ; Type                           ;
+----------------+-------+--------------------------------+
; n              ; 16    ; Signed Integer                 ;
+----------------+-------+--------------------------------+
Note: In order to hide this table in the UI and the text report file, please set the "Show Parameter Settings in Synthesis Report" option in "Analysis and Synthesis Settings -> More Settings" to "Off".


+---------------------------------------------------------+
; Parameter Settings for User Entity Instance: regn:reg_5 ;
+----------------+-------+--------------------------------+
; Parameter Name ; Value ; Type                           ;
+----------------+-------+--------------------------------+
; n              ; 16    ; Signed Integer                 ;
+----------------+-------+--------------------------------+
Note: In order to hide this table in the UI and the text report file, please set the "Show Parameter Settings in Synthesis Report" option in "Analysis and Synthesis Settings -> More Settings" to "Off".


+---------------------------------------------------------+
; Parameter Settings for User Entity Instance: regn:reg_6 ;
+----------------+-------+--------------------------------+
; Parameter Name ; Value ; Type                           ;
+----------------+-------+--------------------------------+
; n              ; 16    ; Signed Integer                 ;
+----------------+-------+--------------------------------+
Note: In order to hide this table in the UI and the text report file, please set the "Show Parameter Settings in Synthesis Report" option in "Analysis and Synthesis Settings -> More Settings" to "Off".


+---------------------------------------------------------+
; Parameter Settings for User Entity Instance: regn:reg_7 ;
+----------------+-------+--------------------------------+
; Parameter Name ; Value ; Type                           ;
+----------------+-------+--------------------------------+
; n              ; 16    ; Signed Integer                 ;
+----------------+-------+--------------------------------+
Note: In order to hide this table in the UI and the text report file, please set the "Show Parameter Settings in Synthesis Report" option in "Analysis and Synthesis Settings -> More Settings" to "Off".


+----------------------------------------------------------+
; Parameter Settings for User Entity Instance: regn:reg_IR ;
+----------------+-------+---------------------------------+
; Parameter Name ; Value ; Type                            ;
+----------------+-------+---------------------------------+
; n              ; 9     ; Signed Integer                  ;
+----------------+-------+---------------------------------+
Note: In order to hide this table in the UI and the text report file, please set the "Show Parameter Settings in Synthesis Report" option in "Analysis and Synthesis Settings -> More Settings" to "Off".


+---------------------------------------------------------+
; Parameter Settings for User Entity Instance: regn:reg_A ;
+----------------+-------+--------------------------------+
; Parameter Name ; Value ; Type                           ;
+----------------+-------+--------------------------------+
; n              ; 16    ; Signed Integer                 ;
+----------------+-------+--------------------------------+
Note: In order to hide this table in the UI and the text report file, please set the "Show Parameter Settings in Synthesis Report" option in "Analysis and Synthesis Settings -> More Settings" to "Off".


+---------------------------------------------------------+
; Parameter Settings for User Entity Instance: regn:reg_G ;
+----------------+-------+--------------------------------+
; Parameter Name ; Value ; Type                           ;
+----------------+-------+--------------------------------+
; n              ; 16    ; Signed Integer                 ;
+----------------+-------+--------------------------------+
Note: In order to hide this table in the UI and the text report file, please set the "Show Parameter Settings in Synthesis Report" option in "Analysis and Synthesis Settings -> More Settings" to "Off".


+-----------------------------------------------------------------------------------------------------------------------------------------------------------------------------------------------------------------+
; Port Connectivity Checks: "addsub:sum"                                                                                                                                                                          ;
+---------+-------+----------+------------------------------------------------------------------------------------------------------------------------------------------------------------------------------------+
; Port    ; Type  ; Severity ; Details                                                                                                                                                                            ;
+---------+-------+----------+------------------------------------------------------------------------------------------------------------------------------------------------------------------------------------+
; A       ; Input ; Warning  ; Input port expression (1 bits) is smaller than the input port (16 bits) it drives.  Extra input bit(s) "A[15..1]" will be connected to GND.                                        ;
; add_sub ; Input ; Warning  ; Input port expression (16 bits) is wider than the input port (1 bits) it drives.  The 15 most-significant bit(s) in the expression will be dangling if they have no other fanouts. ;
+---------+-------+----------+------------------------------------------------------------------------------------------------------------------------------------------------------------------------------------+


+-----------------------------------------------------------------------------------------------------------------------------------------------------------------------+
; Port Connectivity Checks: "regn:reg_7"                                                                                                                                ;
+------+-------+----------+---------------------------------------------------------------------------------------------------------------------------------------------+
; Port ; Type  ; Severity ; Details                                                                                                                                     ;
+------+-------+----------+---------------------------------------------------------------------------------------------------------------------------------------------+
; R    ; Input ; Warning  ; Input port expression (1 bits) is smaller than the input port (16 bits) it drives.  Extra input bit(s) "R[15..1]" will be connected to GND. ;
+------+-------+----------+---------------------------------------------------------------------------------------------------------------------------------------------+


+-----------------------------------------------------------------------------------------------------------------------------------------------------------------------+
; Port Connectivity Checks: "regn:reg_6"                                                                                                                                ;
+------+-------+----------+---------------------------------------------------------------------------------------------------------------------------------------------+
; Port ; Type  ; Severity ; Details                                                                                                                                     ;
+------+-------+----------+---------------------------------------------------------------------------------------------------------------------------------------------+
; R    ; Input ; Warning  ; Input port expression (1 bits) is smaller than the input port (16 bits) it drives.  Extra input bit(s) "R[15..1]" will be connected to GND. ;
+------+-------+----------+---------------------------------------------------------------------------------------------------------------------------------------------+


+------------------------------------------------------------------------------------------------------------------------------------------------------------------------+
; Port Connectivity Checks: "regn:reg_5"                                                                                                                                 ;
+------+--------+----------+---------------------------------------------------------------------------------------------------------------------------------------------+
; Port ; Type   ; Severity ; Details                                                                                                                                     ;
+------+--------+----------+---------------------------------------------------------------------------------------------------------------------------------------------+
; R    ; Input  ; Warning  ; Input port expression (1 bits) is smaller than the input port (16 bits) it drives.  Extra input bit(s) "R[15..1]" will be connected to GND. ;
; Q    ; Output ; Warning  ; Output or bidir port (16 bits) is wider than the port expression (1 bits) it drives; bit(s) "Q[15..1]" have no fanouts                      ;
+------+--------+----------+---------------------------------------------------------------------------------------------------------------------------------------------+


+-----------------------------------------------------------------------------------------------------------------------------------------------------------------------+
; Port Connectivity Checks: "regn:reg_4"                                                                                                                                ;
+------+-------+----------+---------------------------------------------------------------------------------------------------------------------------------------------+
; Port ; Type  ; Severity ; Details                                                                                                                                     ;
+------+-------+----------+---------------------------------------------------------------------------------------------------------------------------------------------+
; R    ; Input ; Warning  ; Input port expression (1 bits) is smaller than the input port (16 bits) it drives.  Extra input bit(s) "R[15..1]" will be connected to GND. ;
+------+-------+----------+---------------------------------------------------------------------------------------------------------------------------------------------+


+-----------------------------------------------------------------------------------------------------------------------------------------------------------------------+
; Port Connectivity Checks: "regn:reg_3"                                                                                                                                ;
+------+-------+----------+---------------------------------------------------------------------------------------------------------------------------------------------+
; Port ; Type  ; Severity ; Details                                                                                                                                     ;
+------+-------+----------+---------------------------------------------------------------------------------------------------------------------------------------------+
; R    ; Input ; Warning  ; Input port expression (1 bits) is smaller than the input port (16 bits) it drives.  Extra input bit(s) "R[15..1]" will be connected to GND. ;
+------+-------+----------+---------------------------------------------------------------------------------------------------------------------------------------------+


+-----------------------------------------------------------------------------------------------------------------------------------------------------------------------+
; Port Connectivity Checks: "regn:reg_2"                                                                                                                                ;
+------+-------+----------+---------------------------------------------------------------------------------------------------------------------------------------------+
; Port ; Type  ; Severity ; Details                                                                                                                                     ;
+------+-------+----------+---------------------------------------------------------------------------------------------------------------------------------------------+
; R    ; Input ; Warning  ; Input port expression (1 bits) is smaller than the input port (16 bits) it drives.  Extra input bit(s) "R[15..1]" will be connected to GND. ;
+------+-------+----------+---------------------------------------------------------------------------------------------------------------------------------------------+


+-----------------------------------------------------------------------------------------------------------------------------------------------------------------------+
; Port Connectivity Checks: "regn:reg_1"                                                                                                                                ;
+------+-------+----------+---------------------------------------------------------------------------------------------------------------------------------------------+
; Port ; Type  ; Severity ; Details                                                                                                                                     ;
+------+-------+----------+---------------------------------------------------------------------------------------------------------------------------------------------+
; R    ; Input ; Warning  ; Input port expression (1 bits) is smaller than the input port (16 bits) it drives.  Extra input bit(s) "R[15..1]" will be connected to GND. ;
+------+-------+----------+---------------------------------------------------------------------------------------------------------------------------------------------+


+-----------------------------------------------------------------------------------------------------------------------------------------------------------------------+
; Port Connectivity Checks: "regn:reg_0"                                                                                                                                ;
+------+-------+----------+---------------------------------------------------------------------------------------------------------------------------------------------+
; Port ; Type  ; Severity ; Details                                                                                                                                     ;
+------+-------+----------+---------------------------------------------------------------------------------------------------------------------------------------------+
; R    ; Input ; Warning  ; Input port expression (1 bits) is smaller than the input port (16 bits) it drives.  Extra input bit(s) "R[15..1]" will be connected to GND. ;
+------+-------+----------+---------------------------------------------------------------------------------------------------------------------------------------------+


+------------------------------------------+
; Port Connectivity Checks: "dec3to8:decy" ;
+------+-------+----------+----------------+
; Port ; Type  ; Severity ; Details        ;
+------+-------+----------+----------------+
; En   ; Input ; Info     ; Stuck at VCC   ;
+------+-------+----------+----------------+


+------------------------------------------+
; Port Connectivity Checks: "dec3to8:decx" ;
+------+-------+----------+----------------+
; Port ; Type  ; Severity ; Details        ;
+------+-------+----------+----------------+
; En   ; Input ; Info     ; Stuck at VCC   ;
+------+-------+----------+----------------+


+-----------------------------------------------------+
; Post-Synthesis Netlist Statistics for Top Partition ;
+-----------------------+-----------------------------+
; Type                  ; Count                       ;
+-----------------------+-----------------------------+
; boundary_port         ; 36                          ;
; cycloneiii_lcell_comb ; 1                           ;
;     normal            ; 1                           ;
;         0 data inputs ; 1                           ;
;                       ;                             ;
; Max LUT depth         ; 0.00                        ;
; Average LUT depth     ; 0.00                        ;
+-----------------------+-----------------------------+


+-------------------------------+
; Elapsed Time Per Partition    ;
+----------------+--------------+
; Partition Name ; Elapsed Time ;
+----------------+--------------+
; Top            ; 00:00:00     ;
+----------------+--------------+


+-------------------------------+
; Analysis & Synthesis Messages ;
+-------------------------------+
Info: *******************************************************************
Info: Running Quartus Prime Analysis & Synthesis
    Info: Version 20.1.0 Build 711 06/05/2020 SJ Lite Edition
    Info: Processing started: Mon Jun 21 15:33:19 2021
Info: Command: quartus_map --read_settings_files=on --write_settings_files=off proc -c proc
Warning (18236): Number of processors has not been specified which may cause overloading on shared machines.  Set the global assignment NUM_PARALLEL_PROCESSORS in your QSF to an appropriate value for best performance.
Info (20030): Parallel compilation is enabled and will use 16 of the 16 processors detected
Info (12021): Found 1 design units, including 1 entities, in source file /proyectos/regn/regn.sv
    Info (12023): Found entity 1: regn File: X:/proyectos/regn/regn.sv Line: 1
Info (12021): Found 1 design units, including 1 entities, in source file /proyectos/upcount/upcount.sv
    Info (12023): Found entity 1: upcount File: X:/proyectos/upcount/upcount.sv Line: 1
Info (12021): Found 1 design units, including 1 entities, in source file /proyectos/dec3to8/dec3to8.sv
    Info (12023): Found entity 1: dec3to8 File: X:/proyectos/dec3to8/dec3to8.sv Line: 1
Info (12021): Found 1 design units, including 1 entities, in source file /proyectos/addsub/addsub.sv
    Info (12023): Found entity 1: addsub File: X:/proyectos/addsub/addsub.sv Line: 1
Info (12021): Found 1 design units, including 1 entities, in source file proc.sv
    Info (12023): Found entity 1: proc File: X:/proyectos/proc/proc.sv Line: 1
Warning (10236): Verilog HDL Implicit Net warning at proc.sv(33): created implicit net for "Clock" File: X:/proyectos/proc/proc.sv Line: 33
Warning (10236): Verilog HDL Implicit Net warning at proc.sv(178): created implicit net for "Buswires" File: X:/proyectos/proc/proc.sv Line: 178
Warning (10236): Verilog HDL Implicit Net warning at proc.sv(182): created implicit net for "clock" File: X:/proyectos/proc/proc.sv Line: 182
Warning (10236): Verilog HDL Implicit Net warning at proc.sv(188): created implicit net for "R5" File: X:/proyectos/proc/proc.sv Line: 188
Warning (10236): Verilog HDL Implicit Net warning at proc.sv(193): created implicit net for "IRin" File: X:/proyectos/proc/proc.sv Line: 193
Info (12127): Elaborating entity "proc" for the top level hierarchy
Warning (10235): Verilog HDL Always Construct warning at proc.sv(214): variable "DIN" is read inside the Always Construct but isn't in the Always Construct's Event Control File: X:/proyectos/proc/proc.sv Line: 214
Warning (10235): Verilog HDL Always Construct warning at proc.sv(215): variable "G" is read inside the Always Construct but isn't in the Always Construct's Event Control File: X:/proyectos/proc/proc.sv Line: 215
Warning (10235): Verilog HDL Always Construct warning at proc.sv(216): variable "R0" is read inside the Always Construct but isn't in the Always Construct's Event Control File: X:/proyectos/proc/proc.sv Line: 216
Warning (10235): Verilog HDL Always Construct warning at proc.sv(217): variable "R1" is read inside the Always Construct but isn't in the Always Construct's Event Control File: X:/proyectos/proc/proc.sv Line: 217
Warning (10235): Verilog HDL Always Construct warning at proc.sv(218): variable "R2" is read inside the Always Construct but isn't in the Always Construct's Event Control File: X:/proyectos/proc/proc.sv Line: 218
Warning (10235): Verilog HDL Always Construct warning at proc.sv(219): variable "R3" is read inside the Always Construct but isn't in the Always Construct's Event Control File: X:/proyectos/proc/proc.sv Line: 219
Warning (10235): Verilog HDL Always Construct warning at proc.sv(220): variable "R4" is read inside the Always Construct but isn't in the Always Construct's Event Control File: X:/proyectos/proc/proc.sv Line: 220
Warning (10235): Verilog HDL Always Construct warning at proc.sv(221): variable "R5" is read inside the Always Construct but isn't in the Always Construct's Event Control File: X:/proyectos/proc/proc.sv Line: 221
Warning (10235): Verilog HDL Always Construct warning at proc.sv(222): variable "R6" is read inside the Always Construct but isn't in the Always Construct's Event Control File: X:/proyectos/proc/proc.sv Line: 222
Warning (10235): Verilog HDL Always Construct warning at proc.sv(223): variable "R7" is read inside the Always Construct but isn't in the Always Construct's Event Control File: X:/proyectos/proc/proc.sv Line: 223
Warning (10235): Verilog HDL Always Construct warning at proc.sv(224): variable "DIN" is read inside the Always Construct but isn't in the Always Construct's Event Control File: X:/proyectos/proc/proc.sv Line: 224
Info (10264): Verilog HDL Case Statement information at proc.sv(212): all case item expressions in this case statement are onehot File: X:/proyectos/proc/proc.sv Line: 212
Info (12128): Elaborating entity "upcount" for hierarchy "upcount:Tstep" File: X:/proyectos/proc/proc.sv Line: 33
Info (12128): Elaborating entity "dec3to8" for hierarchy "dec3to8:decx" File: X:/proyectos/proc/proc.sv Line: 37
Info (12128): Elaborating entity "regn" for hierarchy "regn:reg_0" File: X:/proyectos/proc/proc.sv Line: 178
Info (12128): Elaborating entity "regn" for hierarchy "regn:reg_IR" File: X:/proyectos/proc/proc.sv Line: 193
Info (12128): Elaborating entity "addsub" for hierarchy "addsub:sum" File: X:/proyectos/proc/proc.sv Line: 200
Warning (12011): Net is missing source, defaulting to GND
    Warning (12110): Net "Buswires" is missing source, defaulting to GND File: X:/proyectos/proc/proc.sv Line: 178
Warning (12011): Net is missing source, defaulting to GND
    Warning (12110): Net "Buswires" is missing source, defaulting to GND File: X:/proyectos/proc/proc.sv Line: 178
Warning (12011): Net is missing source, defaulting to GND
    Warning (12110): Net "Buswires" is missing source, defaulting to GND File: X:/proyectos/proc/proc.sv Line: 178
Warning (12011): Net is missing source, defaulting to GND
    Warning (12110): Net "Clock" is missing source, defaulting to GND File: X:/proyectos/proc/proc.sv Line: 33
    Warning (12110): Net "Buswires" is missing source, defaulting to GND File: X:/proyectos/proc/proc.sv Line: 178
Warning (12241): 9 hierarchies have connectivity warnings - see the Connectivity Checks report folder
Warning (13024): Output pins are stuck at VCC or GND
    Warning (13410): Pin "Done" is stuck at GND File: X:/proyectos/proc/proc.sv Line: 8
Info (17049): 16 registers lost all their fanouts during netlist optimizations.
Info (16010): Generating hard_block partition "hard_block:auto_generated_inst"
    Info (16011): Adding 0 node(s), including 0 DDIO, 0 PLL, 0 transceiver and 0 LCELL
Warning (21074): Design contains 3 input pin(s) that do not drive logic
    Warning (15610): No output dependent on input pin "Resetn" File: X:/proyectos/proc/proc.sv Line: 3
    Warning (15610): No output dependent on input pin "lock" File: X:/proyectos/proc/proc.sv Line: 4
    Warning (15610): No output dependent on input pin "Run" File: X:/proyectos/proc/proc.sv Line: 6
Info (21057): Implemented 36 device resources after synthesis - the final resource count might be different
    Info (21058): Implemented 19 input pins
    Info (21059): Implemented 17 output pins
Info: Quartus Prime Analysis & Synthesis was successful. 0 errors, 33 warnings
    Info: Peak virtual memory: 4738 megabytes
    Info: Processing ended: Mon Jun 21 15:33:27 2021
    Info: Elapsed time: 00:00:08
    Info: Total CPU time (on all processors): 00:00:20


